[10:26:42] [ServerMain/INFO]: Environment: Environment[sessionHost=https://sessionserver.mojang.com, servicesHost=https://api.minecraftservices.com, name=PROD]
[10:26:45] [ServerMain/INFO]: Loaded 1373 recipes
[10:26:45] [ServerMain/INFO]: Loaded 1484 advancements
[10:26:45] [Server thread/INFO]: Starting minecraft server version 1.21.5
[10:26:45] [Server thread/INFO]: Loading properties
[10:26:45] [Server thread/INFO]: Default game type: SURVIVAL
[10:26:45] [Server thread/INFO]: Generating keypair
[10:26:45] [Server thread/INFO]: Starting Minecraft server on *:7272
[10:26:45] [Server thread/INFO]: Using epoll channel type
[10:26:45] [Server thread/WARN]: **** SERVER IS RUNNING IN OFFLINE/INSECURE MODE!
[10:26:45] [Server thread/WARN]: The server will make no attempt to authenticate usernames. Beware.
[10:26:45] [Server thread/WARN]: While this makes the game possible to play without internet access, it also opens up the ability for hackers to connect with any username they choose.
[10:26:45] [Server thread/WARN]: To change this, set "online-mode" to "true" in the server.properties file.
[10:26:45] [Server thread/INFO]: Preparing level "world"
[10:26:45] [Server thread/INFO]: Preparing start region for dimension minecraft:overworld
[10:26:48] [Worker-Main-1/INFO]: Preparing spawn area: 0%
[10:26:48] [Worker-Main-1/INFO]: Preparing spawn area: 0%
[10:26:48] [Worker-Main-1/INFO]: Preparing spawn area: 0%
[10:26:48] [Worker-Main-1/INFO]: Preparing spawn area: 0%
[10:26:48] [Worker-Main-1/INFO]: Preparing spawn area: 0%
[10:26:48] [Worker-Main-1/INFO]: Preparing spawn area: 0%
[10:26:48] [Server thread/INFO]: Time elapsed: 2607 ms
[10:26:48] [Server thread/INFO]: Done (2.992s)! For help, type "help"
[10:26:48] [Server thread/INFO]: Starting GS4 status listener
[10:26:48] [Server thread/INFO]: Thread Query Listener started
[10:26:48] [Query Listener #1/INFO]: Query running on 0.0.0.0:7272
[10:27:48] [Server thread/INFO]: Server empty for 60 seconds, pausing
[11:26:35] [Server thread/INFO]: Stopping the server
[11:26:35] [Server thread/INFO]: Stopping server
[11:26:35] [Server thread/INFO]: Saving players
[11:26:35] [Server thread/INFO]: Saving worlds
[11:26:35] [Server thread/INFO]: Saving chunks for level 'ServerLevel[MP | ADOFAI Team VN]'/minecraft:overworld
[11:26:35] [Server thread/INFO]: Saving chunks for level 'ServerLevel[MP | ADOFAI Team VN]'/minecraft:the_nether
[11:26:35] [Server thread/INFO]: Saving chunks for level 'ServerLevel[MP | ADOFAI Team VN]'/minecraft:the_end
[11:26:35] [Server thread/INFO]: ThreadedAnvilChunkStorage (world): All chunks are saved
[11:26:35] [Server thread/INFO]: ThreadedAnvilChunkStorage (DIM-1): All chunks are saved
[11:26:35] [Server thread/INFO]: ThreadedAnvilChunkStorage (DIM1): All chunks are saved
[11:26:35] [Server thread/INFO]: ThreadedAnvilChunkStorage: All dimensions are saved
[11:26:35] [Server thread/INFO]: Thread Query Listener stopped
